Arguments: 
  E:\NVM\node.exe D:\yarn\bin\yarn.js add react-router-dom

PATH: 
  C:\Program Files (x86)\Common Files\Intel\Shared Libraries\redist\intel64\compiler;C:\Program Files (x86)\Common Files\Oracle\Java\javapath;C:\Windows\system32;C:\Windows;C:\Windows\System32\Wbem;C:\Windows\System32\WindowsPowerShell\v1.0\;C:\Windows\System32\OpenSSH\;C:\Program Files\Git\cmd;C:\Program Files (x86)\Tencent\微信web开发者工具\dll;C:\Program Files (x86)\Java\jdk1.8.0_321\bin;C:\Program Files (x86)\Java\jdk1.8.0_321\jre;D:\phpstudy_pro\Extensions\MySQL5.7.26\bin;C:\Program Files\dotnet\;D:\yarn\bin\;E:\maven\apache-maven-3.6.3\bin;D:\wxDevelep\微信web开发者工具\dll;D:\phpstudy_pro\Extensions\php\php7.3.4nts;E:\Tomcat\apache-tomcat-9.0.85\bin;C:\Users\DELL\AppData\Roaming\nvm;E:\NVM;D:\python;D:\python\Library\mingw-w64\bin;D:\python\Library\usr\bin;D:\python\Library\bin;D:\python\Scripts;D:\python\anaconda;D:\python\anaconda\Library\mingw-w64\bin;D:\python\anaconda\Library\usr\bin;D:\python\anaconda\Library\bin;D:\python\anaconda\Scripts;C:\Users\DELL\AppData\Local\Microsoft\WindowsApps;D:\Microsoft VS Code\bin;node_global;C:\Users\DELL\AppData\Local\Yarn\bin;C:\Users\DELL\AppData\Roaming\nvm;E:\NVM;D:\WebStorm\WebStorm 2023.3.2\bin;

Yarn version: 
  1.22.19

Node version: 
  16.17.1

Platform: 
  win32 x64

Trace: 
  Error: EPERM: operation not permitted, unlink 'C:\Users\DELL\Desktop\project\frontend\node_modules\antd\node_modules\rc-field-form\package.json'

npm manifest: 
  {
    "name": "frontend",
    "version": "0.1.0",
    "private": true,
    "dependencies": {
      "@ant-design/pro-components": "^2.6.49",
      "@babel/core": "^7.16.0",
      "@pmmmwh/react-refresh-webpack-plugin": "^0.5.3",
      "@svgr/webpack": "^5.5.0",
      "@testing-library/jest-dom": "^5.17.0",
      "@testing-library/react": "^13.4.0",
      "@testing-library/user-event": "^13.5.0",
      "antd": "^5.15.2",
      "babel-jest": "^27.4.2",
      "babel-loader": "^8.2.3",
      "babel-plugin-named-asset-import": "^0.3.8",
      "babel-preset-react-app": "^10.0.1",
      "bfj": "^7.0.2",
      "browserslist": "^4.18.1",
      "camelcase": "^6.2.1",
      "case-sensitive-paths-webpack-plugin": "^2.4.0",
      "css-loader": "^6.5.1",
      "css-minimizer-webpack-plugin": "^3.2.0",
      "dotenv": "^10.0.0",
      "dotenv-expand": "^5.1.0",
      "eslint": "^8.3.0",
      "eslint-config-react-app": "^7.0.1",
      "eslint-webpack-plugin": "^3.1.1",
      "file-loader": "^6.2.0",
      "fs-extra": "^10.0.0",
      "html-webpack-plugin": "^5.5.0",
      "identity-obj-proxy": "^3.0.0",
      "jest": "^27.4.3",
      "jest-resolve": "^27.4.2",
      "jest-watch-typeahead": "^1.0.0",
      "mini-css-extract-plugin": "^2.4.5",
      "postcss": "^8.4.4",
      "postcss-flexbugs-fixes": "^5.0.2",
      "postcss-loader": "^6.2.1",
      "postcss-normalize": "^10.0.1",
      "postcss-preset-env": "^7.0.1",
      "prompts": "^2.4.2",
      "react": "^18.2.0",
      "react-app-polyfill": "^3.0.0",
      "react-dev-utils": "^12.0.1",
      "react-dom": "^18.2.0",
      "react-refresh": "^0.11.0",
      "resolve": "^1.20.0",
      "resolve-url-loader": "^4.0.0",
      "sass-loader": "^12.3.0",
      "semver": "^7.3.5",
      "source-map-loader": "^3.0.0",
      "style-loader": "^3.3.1",
      "tailwindcss": "^3.0.2",
      "terser-webpack-plugin": "^5.2.5",
      "web-vitals": "^2.1.4",
      "webpack": "^5.64.4",
      "webpack-dev-server": "^4.6.0",
      "webpack-manifest-plugin": "^4.0.2",
      "workbox-webpack-plugin": "^6.4.1"
    },
    "scripts": {
      "dev": "node scripts/start.js",
      "build": "node scripts/build.js",
      "test": "node scripts/test.js"
    },
    "eslintConfig": {
      "extends": [
        "react-app",
        "react-app/jest"
      ]
    },
    "browserslist": {
      "production": [
        ">0.2%",
        "not dead",
        "not op_mini all"
      ],
      "development": [
        "last 1 chrome version",
        "last 1 firefox version",
        "last 1 safari version"
      ]
    },
    "jest": {
      "roots": [
        "<rootDir>/src"
      ],
      "collectCoverageFrom": [
        "src/**/*.{js,jsx,ts,tsx}",
        "!src/**/*.d.ts"
      ],
      "setupFiles": [
        "react-app-polyfill/jsdom"
      ],
      "setupFilesAfterEnv": [
        "<rootDir>/src/setupTests.js"
      ],
      "testMatch": [
        "<rootDir>/src/**/__tests__/**/*.{js,jsx,ts,tsx}",
        "<rootDir>/src/**/*.{spec,test}.{js,jsx,ts,tsx}"
      ],
      "testEnvironment": "jsdom",
      "transform": {
        "^.+\\.(js|jsx|mjs|cjs|ts|tsx)$": "<rootDir>/config/jest/babelTransform.js",
        "^.+\\.css$": "<rootDir>/config/jest/cssTransform.js",
        "^(?!.*\\.(js|jsx|mjs|cjs|ts|tsx|css|json)$)": "<rootDir>/config/jest/fileTransform.js"
      },
      "transformIgnorePatterns": [
        "[/\\\\]node_modules[/\\\\].+\\.(js|jsx|mjs|cjs|ts|tsx)$",
        "^.+\\.module\\.(css|sass|scss)$"
      ],
      "modulePaths": [],
      "moduleNameMapper": {
        "^react-native$": "react-native-web",
        "^.+\\.module\\.(css|sass|scss)$": "identity-obj-proxy"
      },
      "moduleFileExtensions": [
        "web.js",
        "js",
        "web.ts",
        "ts",
        "web.tsx",
        "tsx",
        "json",
        "web.jsx",
        "jsx",
        "node"
      ],
      "watchPlugins": [
        "jest-watch-typeahead/filename",
        "jest-watch-typeahead/testname"
      ],
      "resetMocks": true
    },
    "babel": {
      "presets": [
        "react-app"
      ]
    }
  }

yarn manifest: 
  No manifest

Lockfile: 
  No lockfile
